  Source.cpp
C:\Users\Waseem Al-mahainy\source\repos\project_final_CG\Source.cpp(6,52): warning C4305: 'initializing': truncation from 'double' to 'float'
C:\Users\Waseem Al-mahainy\source\repos\project_final_CG\Source.cpp(16,13): warning C4305: '+=': truncation from 'double' to 'float'
C:\Users\Waseem Al-mahainy\source\repos\project_final_CG\Source.cpp(19,13): warning C4305: '-=': truncation from 'double' to 'float'
C:\Users\Waseem Al-mahainy\source\repos\project_final_CG\Source.cpp(22,15): warning C4244: '+=': conversion from 'double' to 'float', possible loss of data
C:\Users\Waseem Al-mahainy\source\repos\project_final_CG\Source.cpp(23,15): warning C4244: '+=': conversion from 'double' to 'float', possible loss of data
C:\Users\Waseem Al-mahainy\source\repos\project_final_CG\Source.cpp(26,15): warning C4244: '-=': conversion from 'double' to 'float', possible loss of data
C:\Users\Waseem Al-mahainy\source\repos\project_final_CG\Source.cpp(27,15): warning C4244: '-=': conversion from 'double' to 'float', possible loss of data
C:\Users\Waseem Al-mahainy\source\repos\project_final_CG\Source.cpp(43,13): warning C4305: '+=': truncation from 'double' to 'float'
C:\Users\Waseem Al-mahainy\source\repos\project_final_CG\Source.cpp(46,13): warning C4305: '-=': truncation from 'double' to 'float'
C:\Users\Waseem Al-mahainy\source\repos\project_final_CG\Source.cpp(49,15): warning C4244: '+=': conversion from 'double' to 'float', possible loss of data
C:\Users\Waseem Al-mahainy\source\repos\project_final_CG\Source.cpp(50,15): warning C4244: '+=': conversion from 'double' to 'float', possible loss of data
C:\Users\Waseem Al-mahainy\source\repos\project_final_CG\Source.cpp(53,15): warning C4244: '-=': conversion from 'double' to 'float', possible loss of data
C:\Users\Waseem Al-mahainy\source\repos\project_final_CG\Source.cpp(54,15): warning C4244: '-=': conversion from 'double' to 'float', possible loss of data
C:\Users\Waseem Al-mahainy\source\repos\project_final_CG\Source.cpp(57,18): warning C4305: '-=': truncation from 'double' to 'float'
C:\Users\Waseem Al-mahainy\source\repos\project_final_CG\Source.cpp(60,18): warning C4305: '+=': truncation from 'double' to 'float'
C:\Users\Waseem Al-mahainy\source\repos\project_final_CG\Source.cpp(89,33): warning C4305: 'initializing': truncation from 'double' to 'GLfloat'
C:\Users\Waseem Al-mahainy\source\repos\project_final_CG\Source.cpp(105,30): warning C4305: 'argument': truncation from 'double' to 'GLfloat'
C:\Users\Waseem Al-mahainy\source\repos\project_final_CG\Source.cpp(115,30): warning C4305: 'argument': truncation from 'double' to 'GLfloat'
C:\Users\Waseem Al-mahainy\source\repos\project_final_CG\Source.cpp(126,30): warning C4305: 'argument': truncation from 'double' to 'GLfloat'
C:\Users\Waseem Al-mahainy\source\repos\project_final_CG\Source.cpp(136,30): warning C4305: 'argument': truncation from 'double' to 'GLfloat'
C:\Users\Waseem Al-mahainy\source\repos\project_final_CG\Source.cpp(147,30): warning C4305: 'argument': truncation from 'double' to 'GLfloat'
C:\Users\Waseem Al-mahainy\source\repos\project_final_CG\Source.cpp(157,24): warning C4305: 'argument': truncation from 'double' to 'GLfloat'
C:\Users\Waseem Al-mahainy\source\repos\project_final_CG\Source.cpp(167,24): warning C4305: 'argument': truncation from 'double' to 'GLfloat'
C:\Users\Waseem Al-mahainy\source\repos\project_final_CG\Source.cpp(175,24): warning C4305: 'argument': truncation from 'double' to 'GLfloat'
C:\Users\Waseem Al-mahainy\source\repos\project_final_CG\Source.cpp(185,24): warning C4305: 'argument': truncation from 'double' to 'GLfloat'
C:\Users\Waseem Al-mahainy\source\repos\project_final_CG\Source.cpp(195,24): warning C4305: 'argument': truncation from 'double' to 'GLfloat'
C:\Users\Waseem Al-mahainy\source\repos\project_final_CG\Source.cpp(203,24): warning C4305: 'argument': truncation from 'double' to 'GLfloat'
C:\Users\Waseem Al-mahainy\source\repos\project_final_CG\Source.cpp(213,24): warning C4305: 'argument': truncation from 'double' to 'GLfloat'
C:\Users\Waseem Al-mahainy\source\repos\project_final_CG\Source.cpp(223,24): warning C4305: 'argument': truncation from 'double' to 'GLfloat'
C:\Users\Waseem Al-mahainy\source\repos\project_final_CG\Source.cpp(231,24): warning C4305: 'argument': truncation from 'double' to 'GLfloat'
C:\Users\Waseem Al-mahainy\source\repos\project_final_CG\Source.cpp(242,24): warning C4305: 'argument': truncation from 'double' to 'GLfloat'
C:\Users\Waseem Al-mahainy\source\repos\project_final_CG\Source.cpp(252,24): warning C4305: 'argument': truncation from 'double' to 'GLfloat'
C:\Users\Waseem Al-mahainy\source\repos\project_final_CG\Source.cpp(260,24): warning C4305: 'argument': truncation from 'double' to 'GLfloat'
C:\Users\Waseem Al-mahainy\source\repos\project_final_CG\Source.cpp(272,24): warning C4305: 'argument': truncation from 'double' to 'GLfloat'
C:\Users\Waseem Al-mahainy\source\repos\project_final_CG\Source.cpp(282,24): warning C4305: 'argument': truncation from 'double' to 'GLfloat'
C:\Users\Waseem Al-mahainy\source\repos\project_final_CG\Source.cpp(290,24): warning C4305: 'argument': truncation from 'double' to 'GLfloat'
C:\Users\Waseem Al-mahainy\source\repos\project_final_CG\Source.cpp(300,24): warning C4305: 'argument': truncation from 'double' to 'GLfloat'
C:\Users\Waseem Al-mahainy\source\repos\project_final_CG\Source.cpp(310,24): warning C4305: 'argument': truncation from 'double' to 'GLfloat'
C:\Users\Waseem Al-mahainy\source\repos\project_final_CG\Source.cpp(318,24): warning C4305: 'argument': truncation from 'double' to 'GLfloat'
C:\Users\Waseem Al-mahainy\source\repos\project_final_CG\Source.cpp(328,24): warning C4305: 'argument': truncation from 'double' to 'GLfloat'
C:\Users\Waseem Al-mahainy\source\repos\project_final_CG\Source.cpp(338,24): warning C4305: 'argument': truncation from 'double' to 'GLfloat'
C:\Users\Waseem Al-mahainy\source\repos\project_final_CG\Source.cpp(346,24): warning C4305: 'argument': truncation from 'double' to 'GLfloat'
C:\Users\Waseem Al-mahainy\source\repos\project_final_CG\Source.cpp(357,24): warning C4305: 'argument': truncation from 'double' to 'GLfloat'
C:\Users\Waseem Al-mahainy\source\repos\project_final_CG\Source.cpp(367,24): warning C4305: 'argument': truncation from 'double' to 'GLfloat'
C:\Users\Waseem Al-mahainy\source\repos\project_final_CG\Source.cpp(375,24): warning C4305: 'argument': truncation from 'double' to 'GLfloat'
C:\Users\Waseem Al-mahainy\source\repos\project_final_CG\Source.cpp(397,29): warning C4305: 'argument': truncation from 'double' to 'GLfloat'
C:\Users\Waseem Al-mahainy\source\repos\project_final_CG\Source.cpp(404,29): warning C4305: 'argument': truncation from 'double' to 'GLfloat'
C:\Users\Waseem Al-mahainy\source\repos\project_final_CG\Source.cpp(412,29): warning C4305: 'argument': truncation from 'double' to 'GLfloat'
C:\Users\Waseem Al-mahainy\source\repos\project_final_CG\Source.cpp(429,31): warning C4305: 'argument': truncation from 'double' to 'GLfloat'
C:\Users\Waseem Al-mahainy\source\repos\project_final_CG\Source.cpp(436,31): warning C4305: 'argument': truncation from 'double' to 'GLfloat'
C:\Users\Waseem Al-mahainy\source\repos\project_final_CG\Source.cpp(444,31): warning C4305: 'argument': truncation from 'double' to 'GLfloat'
C:\Users\Waseem Al-mahainy\source\repos\project_final_CG\Source.cpp(461,31): warning C4305: 'argument': truncation from 'double' to 'GLfloat'
C:\Users\Waseem Al-mahainy\source\repos\project_final_CG\Source.cpp(468,31): warning C4305: 'argument': truncation from 'double' to 'GLfloat'
C:\Users\Waseem Al-mahainy\source\repos\project_final_CG\Source.cpp(476,31): warning C4305: 'argument': truncation from 'double' to 'GLfloat'
C:\Users\Waseem Al-mahainy\source\repos\project_final_CG\Source.cpp(501,21): warning C4305: 'argument': truncation from 'double' to 'GLfloat'
C:\Users\Waseem Al-mahainy\source\repos\project_final_CG\Source.cpp(517,21): warning C4305: 'argument': truncation from 'double' to 'GLfloat'
C:\Users\Waseem Al-mahainy\source\repos\project_final_CG\Source.cpp(620,22): warning C4305: 'argument': truncation from 'double' to 'GLfloat'
C:\Users\Waseem Al-mahainy\source\repos\project_final_CG\Source.cpp(653,22): warning C4305: 'argument': truncation from 'double' to 'GLfloat'
C:\Users\Waseem Al-mahainy\source\repos\project_final_CG\Source.cpp(671,22): warning C4305: 'argument': truncation from 'double' to 'GLfloat'
C:\Users\Waseem Al-mahainy\source\repos\project_final_CG\Source.cpp(679,22): warning C4305: 'argument': truncation from 'double' to 'GLfloat'
C:\Users\Waseem Al-mahainy\source\repos\project_final_CG\Source.cpp(688,28): warning C4305: 'argument': truncation from 'double' to 'GLfloat'
C:\Users\Waseem Al-mahainy\source\repos\project_final_CG\Source.cpp(695,29): warning C4305: 'argument': truncation from 'double' to 'GLfloat'
C:\Users\Waseem Al-mahainy\source\repos\project_final_CG\Source.cpp(697,21): warning C4305: 'argument': truncation from 'double' to 'GLfloat'
C:\Users\Waseem Al-mahainy\source\repos\project_final_CG\Source.cpp(747,27): warning C4305: 'argument': truncation from 'double' to 'GLfloat'
C:\Users\Waseem Al-mahainy\source\repos\project_final_CG\Source.cpp(1419,28): warning C4305: 'argument': truncation from 'double' to 'GLfloat'
C:\Users\Waseem Al-mahainy\source\repos\project_final_CG\Source.cpp(1423,25): warning C4305: 'argument': truncation from 'double' to 'GLfloat'
C:\Users\Waseem Al-mahainy\source\repos\project_final_CG\Source.cpp(1445,25): warning C4305: 'argument': truncation from 'double' to 'GLfloat'
C:\Users\Waseem Al-mahainy\source\repos\project_final_CG\Source.cpp(1453,25): warning C4305: 'argument': truncation from 'double' to 'GLfloat'
C:\Users\Waseem Al-mahainy\source\repos\project_final_CG\Source.cpp(1463,25): warning C4305: 'argument': truncation from 'double' to 'GLfloat'
C:\Users\Waseem Al-mahainy\source\repos\project_final_CG\Source.cpp(1471,25): warning C4305: 'argument': truncation from 'double' to 'GLfloat'
C:\Users\Waseem Al-mahainy\source\repos\project_final_CG\Source.cpp(1481,24): warning C4305: 'argument': truncation from 'double' to 'GLfloat'
C:\Users\Waseem Al-mahainy\source\repos\project_final_CG\Source.cpp(1489,24): warning C4305: 'argument': truncation from 'double' to 'GLfloat'
C:\Users\Waseem Al-mahainy\source\repos\project_final_CG\Source.cpp(1497,24): warning C4305: 'argument': truncation from 'double' to 'GLfloat'
C:\Users\Waseem Al-mahainy\source\repos\project_final_CG\Source.cpp(1505,24): warning C4305: 'argument': truncation from 'double' to 'GLfloat'
C:\Users\Waseem Al-mahainy\source\repos\project_final_CG\Source.cpp(1593,38): warning C4305: 'argument': truncation from 'double' to 'GLfloat'
C:\Users\Waseem Al-mahainy\source\repos\project_final_CG\Source.cpp(1594,28): warning C4305: 'argument': truncation from 'double' to 'GLfloat'
C:\Users\Waseem Al-mahainy\source\repos\project_final_CG\Source.cpp(1596,26): warning C4305: 'argument': truncation from 'double' to 'GLfloat'
C:\Users\Waseem Al-mahainy\source\repos\project_final_CG\Source.cpp(1604,20): warning C4305: 'argument': truncation from 'double' to 'GLfloat'
C:\Users\Waseem Al-mahainy\source\repos\project_final_CG\Source.cpp(1629,30): warning C4305: 'argument': truncation from 'double' to 'GLfloat'
C:\Users\Waseem Al-mahainy\source\repos\project_final_CG\Source.cpp(1668,30): warning C4305: 'argument': truncation from 'double' to 'GLfloat'
C:\Users\Waseem Al-mahainy\source\repos\project_final_CG\Source.cpp(1677,30): warning C4305: 'argument': truncation from 'double' to 'GLfloat'
C:\Users\Waseem Al-mahainy\source\repos\project_final_CG\Source.cpp(1686,30): warning C4305: 'argument': truncation from 'double' to 'GLfloat'
C:\Users\Waseem Al-mahainy\source\repos\project_final_CG\Source.cpp(1695,30): warning C4305: 'argument': truncation from 'double' to 'GLfloat'
C:\Users\Waseem Al-mahainy\source\repos\project_final_CG\Source.cpp(1713,29): warning C4305: 'argument': truncation from 'double' to 'GLfloat'
C:\Users\Waseem Al-mahainy\source\repos\project_final_CG\Source.cpp(1723,35): warning C4305: 'argument': truncation from 'double' to 'GLfloat'
C:\Users\Waseem Al-mahainy\source\repos\project_final_CG\Source.cpp(1783,30): warning C4305: 'argument': truncation from 'double' to 'GLfloat'
C:\Users\Waseem Al-mahainy\source\repos\project_final_CG\Source.cpp(1793,30): warning C4305: 'argument': truncation from 'double' to 'GLfloat'
C:\Users\Waseem Al-mahainy\source\repos\project_final_CG\Source.cpp(1802,30): warning C4305: 'argument': truncation from 'double' to 'GLfloat'
C:\Users\Waseem Al-mahainy\source\repos\project_final_CG\Source.cpp(1811,30): warning C4305: 'argument': truncation from 'double' to 'GLfloat'
C:\Users\Waseem Al-mahainy\source\repos\project_final_CG\Source.cpp(1831,31): warning C4305: 'argument': truncation from 'double' to 'GLfloat'
C:\Users\Waseem Al-mahainy\source\repos\project_final_CG\Source.cpp(1850,29): warning C4305: 'argument': truncation from 'double' to 'GLfloat'
C:\Users\Waseem Al-mahainy\source\repos\project_final_CG\Source.cpp(1857,31): warning C4305: 'argument': truncation from 'double' to 'GLfloat'
C:\Users\Waseem Al-mahainy\source\repos\project_final_CG\Source.cpp(1868,32): warning C4305: 'argument': truncation from 'double' to 'GLfloat'
C:\Users\Waseem Al-mahainy\source\repos\project_final_CG\Source.cpp(1874,20): warning C4305: 'argument': truncation from 'double' to 'GLfloat'
C:\Users\Waseem Al-mahainy\source\repos\project_final_CG\Source.cpp(1881,30): warning C4305: 'argument': truncation from 'double' to 'GLfloat'
C:\Users\Waseem Al-mahainy\source\repos\project_final_CG\Source.cpp(1889,38): warning C4305: 'argument': truncation from 'double' to 'GLfloat'
C:\Users\Waseem Al-mahainy\source\repos\project_final_CG\Source.cpp(1890,32): warning C4305: 'argument': truncation from 'double' to 'GLfloat'
C:\Users\Waseem Al-mahainy\source\repos\project_final_CG\Source.cpp(1902,29): warning C4305: 'argument': truncation from 'double' to 'GLfloat'
C:\Users\Waseem Al-mahainy\source\repos\project_final_CG\Source.cpp(1913,31): warning C4305: 'argument': truncation from 'double' to 'GLfloat'
C:\Users\Waseem Al-mahainy\source\repos\project_final_CG\Source.cpp(1922,31): warning C4305: 'argument': truncation from 'double' to 'GLfloat'
C:\Users\Waseem Al-mahainy\source\repos\project_final_CG\Source.cpp(1942,31): warning C4305: 'argument': truncation from 'double' to 'GLfloat'
C:\Users\Waseem Al-mahainy\source\repos\project_final_CG\Source.cpp(1952,33): warning C4305: 'argument': truncation from 'double' to 'GLfloat'
C:\Users\Waseem Al-mahainy\source\repos\project_final_CG\Source.cpp(1961,33): warning C4305: 'argument': truncation from 'double' to 'GLfloat'
C:\Users\Waseem Al-mahainy\source\repos\project_final_CG\Source.cpp(1970,33): warning C4305: 'argument': truncation from 'double' to 'GLfloat'
C:\Users\Waseem Al-mahainy\source\repos\project_final_CG\Source.cpp(1981,33): warning C4305: 'argument': truncation from 'double' to 'GLfloat'
C:\Users\Waseem Al-mahainy\source\repos\project_final_CG\Source.cpp(1990,33): warning C4305: 'argument': truncation from 'double' to 'GLfloat'
C:\Users\Waseem Al-mahainy\source\repos\project_final_CG\Source.cpp(2000,33): warning C4305: 'argument': truncation from 'double' to 'GLfloat'
C:\Users\Waseem Al-mahainy\source\repos\project_final_CG\Source.cpp(2009,33): warning C4305: 'argument': truncation from 'double' to 'GLfloat'
C:\Users\Waseem Al-mahainy\source\repos\project_final_CG\Source.cpp(2020,33): warning C4305: 'argument': truncation from 'double' to 'GLfloat'
C:\Users\Waseem Al-mahainy\source\repos\project_final_CG\Source.cpp(2029,31): warning C4305: 'argument': truncation from 'double' to 'GLfloat'
C:\Users\Waseem Al-mahainy\source\repos\project_final_CG\Source.cpp(2052,28): warning C4305: 'argument': truncation from 'double' to 'GLfloat'
C:\Users\Waseem Al-mahainy\source\repos\project_final_CG\Source.cpp(2060,28): warning C4305: 'argument': truncation from 'double' to 'GLfloat'
C:\Users\Waseem Al-mahainy\source\repos\project_final_CG\Source.cpp(2068,28): warning C4305: 'argument': truncation from 'double' to 'GLfloat'
C:\Users\Waseem Al-mahainy\source\repos\project_final_CG\Source.cpp(2100,28): warning C4305: 'argument': truncation from 'double' to 'GLfloat'
C:\Users\Waseem Al-mahainy\source\repos\project_final_CG\Source.cpp(2108,28): warning C4305: 'argument': truncation from 'double' to 'GLfloat'
C:\Users\Waseem Al-mahainy\source\repos\project_final_CG\Source.cpp(2125,28): warning C4305: 'argument': truncation from 'double' to 'GLfloat'
C:\Users\Waseem Al-mahainy\source\repos\project_final_CG\Source.cpp(2137,28): warning C4305: 'argument': truncation from 'double' to 'GLfloat'
C:\Users\Waseem Al-mahainy\source\repos\project_final_CG\Source.cpp(2145,28): warning C4305: 'argument': truncation from 'double' to 'GLfloat'
C:\Users\Waseem Al-mahainy\source\repos\project_final_CG\Source.cpp(2153,28): warning C4305: 'argument': truncation from 'double' to 'GLfloat'
C:\Users\Waseem Al-mahainy\source\repos\project_final_CG\Source.cpp(2184,28): warning C4305: 'argument': truncation from 'double' to 'GLfloat'
C:\Users\Waseem Al-mahainy\source\repos\project_final_CG\Source.cpp(2197,28): warning C4305: 'argument': truncation from 'double' to 'GLfloat'
C:\Users\Waseem Al-mahainy\source\repos\project_final_CG\Source.cpp(2204,28): warning C4305: 'argument': truncation from 'double' to 'GLfloat'
C:\Users\Waseem Al-mahainy\source\repos\project_final_CG\Source.cpp(2209,28): warning C4305: 'argument': truncation from 'double' to 'GLfloat'
C:\Users\Waseem Al-mahainy\source\repos\project_final_CG\Source.cpp(2221,28): warning C4305: 'argument': truncation from 'double' to 'GLfloat'
C:\Users\Waseem Al-mahainy\source\repos\project_final_CG\Source.cpp(2228,28): warning C4305: 'argument': truncation from 'double' to 'GLfloat'
C:\Users\Waseem Al-mahainy\source\repos\project_final_CG\Source.cpp(2233,28): warning C4305: 'argument': truncation from 'double' to 'GLfloat'
C:\Users\Waseem Al-mahainy\source\repos\project_final_CG\Source.cpp(2242,28): warning C4305: 'argument': truncation from 'double' to 'GLfloat'
C:\Users\Waseem Al-mahainy\source\repos\project_final_CG\Source.cpp(2254,30): warning C4305: 'argument': truncation from 'double' to 'GLfloat'
C:\Users\Waseem Al-mahainy\source\repos\project_final_CG\Source.cpp(2262,28): warning C4305: 'argument': truncation from 'double' to 'GLfloat'
C:\Users\Waseem Al-mahainy\source\repos\project_final_CG\Source.cpp(2301,28): warning C4305: 'argument': truncation from 'double' to 'GLfloat'
C:\Users\Waseem Al-mahainy\source\repos\project_final_CG\Source.cpp(2334,25): warning C4305: 'argument': truncation from 'double' to 'GLfloat'
C:\Users\Waseem Al-mahainy\source\repos\project_final_CG\Source.cpp(2343,28): warning C4305: 'argument': truncation from 'double' to 'GLfloat'
C:\Users\Waseem Al-mahainy\source\repos\project_final_CG\Source.cpp(3568,18): warning C4244: 'argument': conversion from 'int' to 'GLfloat', possible loss of data
C:\Users\Waseem Al-mahainy\source\repos\project_final_CG\Source.cpp(3569,21): warning C4244: 'argument': conversion from 'int' to 'GLfloat', possible loss of data
C:\Users\Waseem Al-mahainy\source\repos\project_final_CG\Source.cpp(3569,13): warning C4244: 'argument': conversion from 'int' to 'GLfloat', possible loss of data
C:\Users\Waseem Al-mahainy\source\repos\project_final_CG\Source.cpp(3570,13): warning C4244: 'argument': conversion from 'int' to 'GLfloat', possible loss of data
C:\Users\Waseem Al-mahainy\source\repos\project_final_CG\Source.cpp(3574,23): warning C4244: 'argument': conversion from 'int' to 'GLfloat', possible loss of data
C:\Users\Waseem Al-mahainy\source\repos\project_final_CG\Source.cpp(3575,26): warning C4244: 'argument': conversion from 'int' to 'GLfloat', possible loss of data
C:\Users\Waseem Al-mahainy\source\repos\project_final_CG\Source.cpp(3575,13): warning C4244: 'argument': conversion from 'int' to 'GLfloat', possible loss of data
C:\Users\Waseem Al-mahainy\source\repos\project_final_CG\Source.cpp(3576,29): warning C4244: 'argument': conversion from 'int' to 'GLfloat', possible loss of data
C:\Users\Waseem Al-mahainy\source\repos\project_final_CG\Source.cpp(3576,21): warning C4244: 'argument': conversion from 'int' to 'GLfloat', possible loss of data
C:\Users\Waseem Al-mahainy\source\repos\project_final_CG\Source.cpp(3576,13): warning C4244: 'argument': conversion from 'int' to 'GLfloat', possible loss of data
C:\Users\Waseem Al-mahainy\source\repos\project_final_CG\Source.cpp(3577,26): warning C4244: 'argument': conversion from 'int' to 'GLfloat', possible loss of data
C:\Users\Waseem Al-mahainy\source\repos\project_final_CG\Source.cpp(3577,18): warning C4244: 'argument': conversion from 'int' to 'GLfloat', possible loss of data
C:\Users\Waseem Al-mahainy\source\repos\project_final_CG\Source.cpp(3580,18): warning C4244: 'argument': conversion from 'int' to 'GLfloat', possible loss of data
C:\Users\Waseem Al-mahainy\source\repos\project_final_CG\Source.cpp(3581,26): warning C4244: 'argument': conversion from 'int' to 'GLfloat', possible loss of data
C:\Users\Waseem Al-mahainy\source\repos\project_final_CG\Source.cpp(3581,18): warning C4244: 'argument': conversion from 'int' to 'GLfloat', possible loss of data
C:\Users\Waseem Al-mahainy\source\repos\project_final_CG\Source.cpp(3582,29): warning C4244: 'argument': conversion from 'int' to 'GLfloat', possible loss of data
C:\Users\Waseem Al-mahainy\source\repos\project_final_CG\Source.cpp(3582,21): warning C4244: 'argument': conversion from 'int' to 'GLfloat', possible loss of data
C:\Users\Waseem Al-mahainy\source\repos\project_final_CG\Source.cpp(3582,13): warning C4244: 'argument': conversion from 'int' to 'GLfloat', possible loss of data
C:\Users\Waseem Al-mahainy\source\repos\project_final_CG\Source.cpp(3583,21): warning C4244: 'argument': conversion from 'int' to 'GLfloat', possible loss of data
C:\Users\Waseem Al-mahainy\source\repos\project_final_CG\Source.cpp(3583,13): warning C4244: 'argument': conversion from 'int' to 'GLfloat', possible loss of data
C:\Users\Waseem Al-mahainy\source\repos\project_final_CG\Source.cpp(3587,13): warning C4244: 'argument': conversion from 'int' to 'GLfloat', possible loss of data
C:\Users\Waseem Al-mahainy\source\repos\project_final_CG\Source.cpp(3588,26): warning C4244: 'argument': conversion from 'int' to 'GLfloat', possible loss of data
C:\Users\Waseem Al-mahainy\source\repos\project_final_CG\Source.cpp(3588,13): warning C4244: 'argument': conversion from 'int' to 'GLfloat', possible loss of data
C:\Users\Waseem Al-mahainy\source\repos\project_final_CG\Source.cpp(3589,23): warning C4244: 'argument': conversion from 'int' to 'GLfloat', possible loss of data
C:\Users\Waseem Al-mahainy\source\repos\project_final_CG\Source.cpp(3592,21): warning C4244: 'argument': conversion from 'int' to 'GLfloat', possible loss of data
C:\Users\Waseem Al-mahainy\source\repos\project_final_CG\Source.cpp(3592,13): warning C4244: 'argument': conversion from 'int' to 'GLfloat', possible loss of data
C:\Users\Waseem Al-mahainy\source\repos\project_final_CG\Source.cpp(3593,29): warning C4244: 'argument': conversion from 'int' to 'GLfloat', possible loss of data
C:\Users\Waseem Al-mahainy\source\repos\project_final_CG\Source.cpp(3593,21): warning C4244: 'argument': conversion from 'int' to 'GLfloat', possible loss of data
C:\Users\Waseem Al-mahainy\source\repos\project_final_CG\Source.cpp(3593,13): warning C4244: 'argument': conversion from 'int' to 'GLfloat', possible loss of data
C:\Users\Waseem Al-mahainy\source\repos\project_final_CG\Source.cpp(3594,26): warning C4244: 'argument': conversion from 'int' to 'GLfloat', possible loss of data
C:\Users\Waseem Al-mahainy\source\repos\project_final_CG\Source.cpp(3594,13): warning C4244: 'argument': conversion from 'int' to 'GLfloat', possible loss of data
C:\Users\Waseem Al-mahainy\source\repos\project_final_CG\Source.cpp(3595,13): warning C4244: 'argument': conversion from 'int' to 'GLfloat', possible loss of data
C:\Users\Waseem Al-mahainy\source\repos\project_final_CG\Source.cpp(3598,18): warning C4244: 'argument': conversion from 'int' to 'GLfloat', possible loss of data
C:\Users\Waseem Al-mahainy\source\repos\project_final_CG\Source.cpp(3600,23): warning C4244: 'argument': conversion from 'int' to 'GLfloat', possible loss of data
C:\Users\Waseem Al-mahainy\source\repos\project_final_CG\Source.cpp(3601,26): warning C4244: 'argument': conversion from 'int' to 'GLfloat', possible loss of data
C:\Users\Waseem Al-mahainy\source\repos\project_final_CG\Source.cpp(3601,18): warning C4244: 'argument': conversion from 'int' to 'GLfloat', possible loss of data
C:\Users\Waseem Al-mahainy\source\repos\project_final_CG\Source.cpp(3613,19): warning C4244: 'argument': conversion from 'int' to 'GLfloat', possible loss of data
C:\Users\Waseem Al-mahainy\source\repos\project_final_CG\Source.cpp(3614,22): warning C4244: 'argument': conversion from 'int' to 'GLfloat', possible loss of data
C:\Users\Waseem Al-mahainy\source\repos\project_final_CG\Source.cpp(3614,14): warning C4244: 'argument': conversion from 'int' to 'GLfloat', possible loss of data
C:\Users\Waseem Al-mahainy\source\repos\project_final_CG\Source.cpp(3615,14): warning C4244: 'argument': conversion from 'int' to 'GLfloat', possible loss of data
C:\Users\Waseem Al-mahainy\source\repos\project_final_CG\Source.cpp(3619,24): warning C4244: 'argument': conversion from 'int' to 'GLfloat', possible loss of data
C:\Users\Waseem Al-mahainy\source\repos\project_final_CG\Source.cpp(3620,27): warning C4244: 'argument': conversion from 'int' to 'GLfloat', possible loss of data
C:\Users\Waseem Al-mahainy\source\repos\project_final_CG\Source.cpp(3620,14): warning C4244: 'argument': conversion from 'int' to 'GLfloat', possible loss of data
C:\Users\Waseem Al-mahainy\source\repos\project_final_CG\Source.cpp(3621,30): warning C4244: 'argument': conversion from 'int' to 'GLfloat', possible loss of data
C:\Users\Waseem Al-mahainy\source\repos\project_final_CG\Source.cpp(3621,22): warning C4244: 'argument': conversion from 'int' to 'GLfloat', possible loss of data
C:\Users\Waseem Al-mahainy\source\repos\project_final_CG\Source.cpp(3621,14): warning C4244: 'argument': conversion from 'int' to 'GLfloat', possible loss of data
C:\Users\Waseem Al-mahainy\source\repos\project_final_CG\Source.cpp(3622,27): warning C4244: 'argument': conversion from 'int' to 'GLfloat', possible loss of data
C:\Users\Waseem Al-mahainy\source\repos\project_final_CG\Source.cpp(3622,19): warning C4244: 'argument': conversion from 'int' to 'GLfloat', possible loss of data
C:\Users\Waseem Al-mahainy\source\repos\project_final_CG\Source.cpp(3624,19): warning C4244: 'argument': conversion from 'int' to 'GLfloat', possible loss of data
C:\Users\Waseem Al-mahainy\source\repos\project_final_CG\Source.cpp(3625,27): warning C4244: 'argument': conversion from 'int' to 'GLfloat', possible loss of data
C:\Users\Waseem Al-mahainy\source\repos\project_final_CG\Source.cpp(3625,19): warning C4244: 'argument': conversion from 'int' to 'GLfloat', possible loss of data
C:\Users\Waseem Al-mahainy\source\repos\project_final_CG\Source.cpp(3626,30): warning C4244: 'argument': conversion from 'int' to 'GLfloat', possible loss of data
C:\Users\Waseem Al-mahainy\source\repos\project_final_CG\Source.cpp(3626,22): warning C4244: 'argument': conversion from 'int' to 'GLfloat', possible loss of data
C:\Users\Waseem Al-mahainy\source\repos\project_final_CG\Source.cpp(3626,14): warning C4244: 'argument': conversion from 'int' to 'GLfloat', possible loss of data
C:\Users\Waseem Al-mahainy\source\repos\project_final_CG\Source.cpp(3627,22): warning C4244: 'argument': conversion from 'int' to 'GLfloat', possible loss of data
C:\Users\Waseem Al-mahainy\source\repos\project_final_CG\Source.cpp(3627,14): warning C4244: 'argument': conversion from 'int' to 'GLfloat', possible loss of data
C:\Users\Waseem Al-mahainy\source\repos\project_final_CG\Source.cpp(3631,14): warning C4244: 'argument': conversion from 'int' to 'GLfloat', possible loss of data
C:\Users\Waseem Al-mahainy\source\repos\project_final_CG\Source.cpp(3632,27): warning C4244: 'argument': conversion from 'int' to 'GLfloat', possible loss of data
C:\Users\Waseem Al-mahainy\source\repos\project_final_CG\Source.cpp(3632,14): warning C4244: 'argument': conversion from 'int' to 'GLfloat', possible loss of data
C:\Users\Waseem Al-mahainy\source\repos\project_final_CG\Source.cpp(3633,24): warning C4244: 'argument': conversion from 'int' to 'GLfloat', possible loss of data
C:\Users\Waseem Al-mahainy\source\repos\project_final_CG\Source.cpp(3636,22): warning C4244: 'argument': conversion from 'int' to 'GLfloat', possible loss of data
C:\Users\Waseem Al-mahainy\source\repos\project_final_CG\Source.cpp(3636,14): warning C4244: 'argument': conversion from 'int' to 'GLfloat', possible loss of data
C:\Users\Waseem Al-mahainy\source\repos\project_final_CG\Source.cpp(3637,30): warning C4244: 'argument': conversion from 'int' to 'GLfloat', possible loss of data
C:\Users\Waseem Al-mahainy\source\repos\project_final_CG\Source.cpp(3637,22): warning C4244: 'argument': conversion from 'int' to 'GLfloat', possible loss of data
C:\Users\Waseem Al-mahainy\source\repos\project_final_CG\Source.cpp(3637,14): warning C4244: 'argument': conversion from 'int' to 'GLfloat', possible loss of data
C:\Users\Waseem Al-mahainy\source\repos\project_final_CG\Source.cpp(3638,27): warning C4244: 'argument': conversion from 'int' to 'GLfloat', possible loss of data
C:\Users\Waseem Al-mahainy\source\repos\project_final_CG\Source.cpp(3638,14): warning C4244: 'argument': conversion from 'int' to 'GLfloat', possible loss of data
C:\Users\Waseem Al-mahainy\source\repos\project_final_CG\Source.cpp(3639,14): warning C4244: 'argument': conversion from 'int' to 'GLfloat', possible loss of data
C:\Users\Waseem Al-mahainy\source\repos\project_final_CG\Source.cpp(3642,19): warning C4244: 'argument': conversion from 'int' to 'GLfloat', possible loss of data
C:\Users\Waseem Al-mahainy\source\repos\project_final_CG\Source.cpp(3644,24): warning C4244: 'argument': conversion from 'int' to 'GLfloat', possible loss of data
C:\Users\Waseem Al-mahainy\source\repos\project_final_CG\Source.cpp(3645,27): warning C4244: 'argument': conversion from 'int' to 'GLfloat', possible loss of data
C:\Users\Waseem Al-mahainy\source\repos\project_final_CG\Source.cpp(3645,19): warning C4244: 'argument': conversion from 'int' to 'GLfloat', possible loss of data
C:\Users\Waseem Al-mahainy\source\repos\project_final_CG\Source.cpp(3654,19): warning C4244: 'argument': conversion from 'int' to 'GLfloat', possible loss of data
C:\Users\Waseem Al-mahainy\source\repos\project_final_CG\Source.cpp(3655,22): warning C4244: 'argument': conversion from 'int' to 'GLfloat', possible loss of data
C:\Users\Waseem Al-mahainy\source\repos\project_final_CG\Source.cpp(3655,14): warning C4244: 'argument': conversion from 'int' to 'GLfloat', possible loss of data
C:\Users\Waseem Al-mahainy\source\repos\project_final_CG\Source.cpp(3656,14): warning C4244: 'argument': conversion from 'int' to 'GLfloat', possible loss of data
C:\Users\Waseem Al-mahainy\source\repos\project_final_CG\Source.cpp(3660,24): warning C4244: 'argument': conversion from 'int' to 'GLfloat', possible loss of data
C:\Users\Waseem Al-mahainy\source\repos\project_final_CG\Source.cpp(3661,27): warning C4244: 'argument': conversion from 'int' to 'GLfloat', possible loss of data
C:\Users\Waseem Al-mahainy\source\repos\project_final_CG\Source.cpp(3661,14): warning C4244: 'argument': conversion from 'int' to 'GLfloat', possible loss of data
C:\Users\Waseem Al-mahainy\source\repos\project_final_CG\Source.cpp(3662,30): warning C4244: 'argument': conversion from 'int' to 'GLfloat', possible loss of data
C:\Users\Waseem Al-mahainy\source\repos\project_final_CG\Source.cpp(3662,22): warning C4244: 'argument': conversion from 'int' to 'GLfloat', possible loss of data
C:\Users\Waseem Al-mahainy\source\repos\project_final_CG\Source.cpp(3662,14): warning C4244: 'argument': conversion from 'int' to 'GLfloat', possible loss of data
C:\Users\Waseem Al-mahainy\source\repos\project_final_CG\Source.cpp(3663,27): warning C4244: 'argument': conversion from 'int' to 'GLfloat', possible loss of data
C:\Users\Waseem Al-mahainy\source\repos\project_final_CG\Source.cpp(3663,19): warning C4244: 'argument': conversion from 'int' to 'GLfloat', possible loss of data
C:\Users\Waseem Al-mahainy\source\repos\project_final_CG\Source.cpp(3665,19): warning C4244: 'argument': conversion from 'int' to 'GLfloat', possible loss of data
C:\Users\Waseem Al-mahainy\source\repos\project_final_CG\Source.cpp(3666,27): warning C4244: 'argument': conversion from 'int' to 'GLfloat', possible loss of data
C:\Users\Waseem Al-mahainy\source\repos\project_final_CG\Source.cpp(3666,19): warning C4244: 'argument': conversion from 'int' to 'GLfloat', possible loss of data
C:\Users\Waseem Al-mahainy\source\repos\project_final_CG\Source.cpp(3667,30): warning C4244: 'argument': conversion from 'int' to 'GLfloat', possible loss of data
C:\Users\Waseem Al-mahainy\source\repos\project_final_CG\Source.cpp(3667,22): warning C4244: 'argument': conversion from 'int' to 'GLfloat', possible loss of data
C:\Users\Waseem Al-mahainy\source\repos\project_final_CG\Source.cpp(3667,14): warning C4244: 'argument': conversion from 'int' to 'GLfloat', possible loss of data
C:\Users\Waseem Al-mahainy\source\repos\project_final_CG\Source.cpp(3668,22): warning C4244: 'argument': conversion from 'int' to 'GLfloat', possible loss of data
C:\Users\Waseem Al-mahainy\source\repos\project_final_CG\Source.cpp(3668,14): warning C4244: 'argument': conversion from 'int' to 'GLfloat', possible loss of data
C:\Users\Waseem Al-mahainy\source\repos\project_final_CG\Source.cpp(3672,14): warning C4244: 'argument': conversion from 'int' to 'GLfloat', possible loss of data
C:\Users\Waseem Al-mahainy\source\repos\project_final_CG\Source.cpp(3673,27): warning C4244: 'argument': conversion from 'int' to 'GLfloat', possible loss of data
C:\Users\Waseem Al-mahainy\source\repos\project_final_CG\Source.cpp(3673,14): warning C4244: 'argument': conversion from 'int' to 'GLfloat', possible loss of data
C:\Users\Waseem Al-mahainy\source\repos\project_final_CG\Source.cpp(3674,24): warning C4244: 'argument': conversion from 'int' to 'GLfloat', possible loss of data
C:\Users\Waseem Al-mahainy\source\repos\project_final_CG\Source.cpp(3677,22): warning C4244: 'argument': conversion from 'int' to 'GLfloat', possible loss of data
C:\Users\Waseem Al-mahainy\source\repos\project_final_CG\Source.cpp(3677,14): warning C4244: 'argument': conversion from 'int' to 'GLfloat', possible loss of data
C:\Users\Waseem Al-mahainy\source\repos\project_final_CG\Source.cpp(3678,30): warning C4244: 'argument': conversion from 'int' to 'GLfloat', possible loss of data
C:\Users\Waseem Al-mahainy\source\repos\project_final_CG\Source.cpp(3678,22): warning C4244: 'argument': conversion from 'int' to 'GLfloat', possible loss of data
C:\Users\Waseem Al-mahainy\source\repos\project_final_CG\Source.cpp(3678,14): warning C4244: 'argument': conversion from 'int' to 'GLfloat', possible loss of data
C:\Users\Waseem Al-mahainy\source\repos\project_final_CG\Source.cpp(3679,27): warning C4244: 'argument': conversion from 'int' to 'GLfloat', possible loss of data
C:\Users\Waseem Al-mahainy\source\repos\project_final_CG\Source.cpp(3679,14): warning C4244: 'argument': conversion from 'int' to 'GLfloat', possible loss of data
C:\Users\Waseem Al-mahainy\source\repos\project_final_CG\Source.cpp(3680,14): warning C4244: 'argument': conversion from 'int' to 'GLfloat', possible loss of data
C:\Users\Waseem Al-mahainy\source\repos\project_final_CG\Source.cpp(3683,19): warning C4244: 'argument': conversion from 'int' to 'GLfloat', possible loss of data
C:\Users\Waseem Al-mahainy\source\repos\project_final_CG\Source.cpp(3685,24): warning C4244: 'argument': conversion from 'int' to 'GLfloat', possible loss of data
C:\Users\Waseem Al-mahainy\source\repos\project_final_CG\Source.cpp(3686,27): warning C4244: 'argument': conversion from 'int' to 'GLfloat', possible loss of data
C:\Users\Waseem Al-mahainy\source\repos\project_final_CG\Source.cpp(3686,19): warning C4244: 'argument': conversion from 'int' to 'GLfloat', possible loss of data
C:\Users\Waseem Al-mahainy\source\repos\project_final_CG\Source.cpp(3696,13): warning C4244: 'initializing': conversion from 'float' to 'int', possible loss of data
C:\Users\Waseem Al-mahainy\source\repos\project_final_CG\Source.cpp(3697,14): warning C4244: 'initializing': conversion from 'float' to 'int', possible loss of data
C:\Users\Waseem Al-mahainy\source\repos\project_final_CG\Source.cpp(3700,24): warning C4244: 'argument': conversion from 'int' to 'GLfloat', possible loss of data
C:\Users\Waseem Al-mahainy\source\repos\project_final_CG\Source.cpp(3700,18): warning C4244: 'argument': conversion from 'int' to 'GLfloat', possible loss of data
C:\Users\Waseem Al-mahainy\source\repos\project_final_CG\Source.cpp(3702,23): warning C4244: 'argument': conversion from 'int' to 'float', possible loss of data
C:\Users\Waseem Al-mahainy\source\repos\project_final_CG\Source.cpp(3702,17): warning C4244: 'argument': conversion from 'int' to 'float', possible loss of data
C:\Users\Waseem Al-mahainy\source\repos\project_final_CG\Source.cpp(3707,24): warning C4244: 'argument': conversion from 'int' to 'GLfloat', possible loss of data
C:\Users\Waseem Al-mahainy\source\repos\project_final_CG\Source.cpp(3707,18): warning C4244: 'argument': conversion from 'int' to 'GLfloat', possible loss of data
C:\Users\Waseem Al-mahainy\source\repos\project_final_CG\Source.cpp(3709,23): warning C4244: 'argument': conversion from 'int' to 'float', possible loss of data
C:\Users\Waseem Al-mahainy\source\repos\project_final_CG\Source.cpp(3709,17): warning C4244: 'argument': conversion from 'int' to 'float', possible loss of data
C:\Users\Waseem Al-mahainy\source\repos\project_final_CG\Source.cpp(3721,24): warning C4244: 'argument': conversion from 'int' to 'GLfloat', possible loss of data
C:\Users\Waseem Al-mahainy\source\repos\project_final_CG\Source.cpp(3721,18): warning C4244: 'argument': conversion from 'int' to 'GLfloat', possible loss of data
C:\Users\Waseem Al-mahainy\source\repos\project_final_CG\Source.cpp(3724,23): warning C4244: 'argument': conversion from 'int' to 'float', possible loss of data
C:\Users\Waseem Al-mahainy\source\repos\project_final_CG\Source.cpp(3724,17): warning C4244: 'argument': conversion from 'int' to 'float', possible loss of data
C:\Users\Waseem Al-mahainy\source\repos\project_final_CG\Source.cpp(3729,24): warning C4244: 'argument': conversion from 'int' to 'GLfloat', possible loss of data
C:\Users\Waseem Al-mahainy\source\repos\project_final_CG\Source.cpp(3729,18): warning C4244: 'argument': conversion from 'int' to 'GLfloat', possible loss of data
C:\Users\Waseem Al-mahainy\source\repos\project_final_CG\Source.cpp(3731,23): warning C4244: 'argument': conversion from 'int' to 'float', possible loss of data
C:\Users\Waseem Al-mahainy\source\repos\project_final_CG\Source.cpp(3731,17): warning C4244: 'argument': conversion from 'int' to 'float', possible loss of data
C:\Users\Waseem Al-mahainy\source\repos\project_final_CG\Source.cpp(3743,24): warning C4244: 'argument': conversion from 'int' to 'GLfloat', possible loss of data
C:\Users\Waseem Al-mahainy\source\repos\project_final_CG\Source.cpp(3743,18): warning C4244: 'argument': conversion from 'int' to 'GLfloat', possible loss of data
C:\Users\Waseem Al-mahainy\source\repos\project_final_CG\Source.cpp(3745,23): warning C4244: 'argument': conversion from 'int' to 'float', possible loss of data
C:\Users\Waseem Al-mahainy\source\repos\project_final_CG\Source.cpp(3745,17): warning C4244: 'argument': conversion from 'int' to 'float', possible loss of data
C:\Users\Waseem Al-mahainy\source\repos\project_final_CG\Source.cpp(3750,24): warning C4244: 'argument': conversion from 'int' to 'GLfloat', possible loss of data
C:\Users\Waseem Al-mahainy\source\repos\project_final_CG\Source.cpp(3750,18): warning C4244: 'argument': conversion from 'int' to 'GLfloat', possible loss of data
C:\Users\Waseem Al-mahainy\source\repos\project_final_CG\Source.cpp(3752,23): warning C4244: 'argument': conversion from 'int' to 'float', possible loss of data
C:\Users\Waseem Al-mahainy\source\repos\project_final_CG\Source.cpp(3752,17): warning C4244: 'argument': conversion from 'int' to 'float', possible loss of data
C:\Users\Waseem Al-mahainy\source\repos\project_final_CG\Source.cpp(3757,24): warning C4244: 'argument': conversion from 'int' to 'GLfloat', possible loss of data
C:\Users\Waseem Al-mahainy\source\repos\project_final_CG\Source.cpp(3757,18): warning C4244: 'argument': conversion from 'int' to 'GLfloat', possible loss of data
C:\Users\Waseem Al-mahainy\source\repos\project_final_CG\Source.cpp(3760,23): warning C4244: 'argument': conversion from 'int' to 'float', possible loss of data
C:\Users\Waseem Al-mahainy\source\repos\project_final_CG\Source.cpp(3760,17): warning C4244: 'argument': conversion from 'int' to 'float', possible loss of data
C:\Users\Waseem Al-mahainy\source\repos\project_final_CG\Source.cpp(3765,24): warning C4244: 'argument': conversion from 'int' to 'GLfloat', possible loss of data
C:\Users\Waseem Al-mahainy\source\repos\project_final_CG\Source.cpp(3765,18): warning C4244: 'argument': conversion from 'int' to 'GLfloat', possible loss of data
C:\Users\Waseem Al-mahainy\source\repos\project_final_CG\Source.cpp(3767,23): warning C4244: 'argument': conversion from 'int' to 'float', possible loss of data
C:\Users\Waseem Al-mahainy\source\repos\project_final_CG\Source.cpp(3767,17): warning C4244: 'argument': conversion from 'int' to 'float', possible loss of data
C:\Users\Waseem Al-mahainy\source\repos\project_final_CG\Source.cpp(3779,24): warning C4244: 'argument': conversion from 'int' to 'GLfloat', possible loss of data
C:\Users\Waseem Al-mahainy\source\repos\project_final_CG\Source.cpp(3779,18): warning C4244: 'argument': conversion from 'int' to 'GLfloat', possible loss of data
C:\Users\Waseem Al-mahainy\source\repos\project_final_CG\Source.cpp(3781,23): warning C4244: 'argument': conversion from 'int' to 'float', possible loss of data
C:\Users\Waseem Al-mahainy\source\repos\project_final_CG\Source.cpp(3781,17): warning C4244: 'argument': conversion from 'int' to 'float', possible loss of data
C:\Users\Waseem Al-mahainy\source\repos\project_final_CG\Source.cpp(3786,24): warning C4244: 'argument': conversion from 'int' to 'GLfloat', possible loss of data
C:\Users\Waseem Al-mahainy\source\repos\project_final_CG\Source.cpp(3786,18): warning C4244: 'argument': conversion from 'int' to 'GLfloat', possible loss of data
C:\Users\Waseem Al-mahainy\source\repos\project_final_CG\Source.cpp(3789,23): warning C4244: 'argument': conversion from 'int' to 'float', possible loss of data
C:\Users\Waseem Al-mahainy\source\repos\project_final_CG\Source.cpp(3789,17): warning C4244: 'argument': conversion from 'int' to 'float', possible loss of data
C:\Users\Waseem Al-mahainy\source\repos\project_final_CG\Source.cpp(3794,24): warning C4244: 'argument': conversion from 'int' to 'GLfloat', possible loss of data
C:\Users\Waseem Al-mahainy\source\repos\project_final_CG\Source.cpp(3794,18): warning C4244: 'argument': conversion from 'int' to 'GLfloat', possible loss of data
C:\Users\Waseem Al-mahainy\source\repos\project_final_CG\Source.cpp(3796,23): warning C4244: 'argument': conversion from 'int' to 'float', possible loss of data
C:\Users\Waseem Al-mahainy\source\repos\project_final_CG\Source.cpp(3796,17): warning C4244: 'argument': conversion from 'int' to 'float', possible loss of data
C:\Users\Waseem Al-mahainy\source\repos\project_final_CG\Source.cpp(3803,13): warning C4244: 'initializing': conversion from 'float' to 'int', possible loss of data
C:\Users\Waseem Al-mahainy\source\repos\project_final_CG\Source.cpp(3804,14): warning C4244: 'initializing': conversion from 'float' to 'int', possible loss of data
C:\Users\Waseem Al-mahainy\source\repos\project_final_CG\Source.cpp(3806,23): warning C4244: 'argument': conversion from 'int' to 'GLfloat', possible loss of data
C:\Users\Waseem Al-mahainy\source\repos\project_final_CG\Source.cpp(3806,17): warning C4244: 'argument': conversion from 'int' to 'GLfloat', possible loss of data
C:\Users\Waseem Al-mahainy\source\repos\project_final_CG\Source.cpp(3808,22): warning C4244: 'argument': conversion from 'int' to 'float', possible loss of data
C:\Users\Waseem Al-mahainy\source\repos\project_final_CG\Source.cpp(3808,16): warning C4244: 'argument': conversion from 'int' to 'float', possible loss of data
C:\Users\Waseem Al-mahainy\source\repos\project_final_CG\Source.cpp(3816,13): warning C4244: 'initializing': conversion from 'float' to 'int', possible loss of data
C:\Users\Waseem Al-mahainy\source\repos\project_final_CG\Source.cpp(3817,14): warning C4244: 'initializing': conversion from 'float' to 'int', possible loss of data
C:\Users\Waseem Al-mahainy\source\repos\project_final_CG\Source.cpp(3820,24): warning C4244: 'argument': conversion from 'int' to 'GLfloat', possible loss of data
C:\Users\Waseem Al-mahainy\source\repos\project_final_CG\Source.cpp(3820,18): warning C4244: 'argument': conversion from 'int' to 'GLfloat', possible loss of data
C:\Users\Waseem Al-mahainy\source\repos\project_final_CG\Source.cpp(3822,23): warning C4244: 'argument': conversion from 'int' to 'float', possible loss of data
C:\Users\Waseem Al-mahainy\source\repos\project_final_CG\Source.cpp(3822,17): warning C4244: 'argument': conversion from 'int' to 'float', possible loss of data
C:\Users\Waseem Al-mahainy\source\repos\project_final_CG\Source.cpp(3827,24): warning C4244: 'argument': conversion from 'int' to 'GLfloat', possible loss of data
C:\Users\Waseem Al-mahainy\source\repos\project_final_CG\Source.cpp(3827,18): warning C4244: 'argument': conversion from 'int' to 'GLfloat', possible loss of data
C:\Users\Waseem Al-mahainy\source\repos\project_final_CG\Source.cpp(3829,23): warning C4244: 'argument': conversion from 'int' to 'float', possible loss of data
C:\Users\Waseem Al-mahainy\source\repos\project_final_CG\Source.cpp(3829,17): warning C4244: 'argument': conversion from 'int' to 'float', possible loss of data
C:\Users\Waseem Al-mahainy\source\repos\project_final_CG\Source.cpp(3854,20): warning C4305: 'argument': truncation from 'double' to 'GLfloat'
C:\Users\Waseem Al-mahainy\source\repos\project_final_CG\Source.cpp(3865,38): warning C4305: 'argument': truncation from 'double' to 'GLfloat'
C:\Users\Waseem Al-mahainy\source\repos\project_final_CG\Source.cpp(3866,22): warning C4305: 'argument': truncation from 'double' to 'GLfloat'
C:\Users\Waseem Al-mahainy\source\repos\project_final_CG\Source.cpp(3871,38): warning C4305: 'argument': truncation from 'double' to 'GLfloat'
C:\Users\Waseem Al-mahainy\source\repos\project_final_CG\Source.cpp(3872,22): warning C4305: 'argument': truncation from 'double' to 'GLfloat'
C:\Users\Waseem Al-mahainy\source\repos\project_final_CG\Source.cpp(3877,40): warning C4305: 'argument': truncation from 'double' to 'GLfloat'
C:\Users\Waseem Al-mahainy\source\repos\project_final_CG\Source.cpp(3878,22): warning C4305: 'argument': truncation from 'double' to 'GLfloat'
C:\Users\Waseem Al-mahainy\source\repos\project_final_CG\Source.cpp(3883,46): warning C4305: 'argument': truncation from 'double' to 'GLfloat'
C:\Users\Waseem Al-mahainy\source\repos\project_final_CG\Source.cpp(3884,22): warning C4305: 'argument': truncation from 'double' to 'GLfloat'
C:\Users\Waseem Al-mahainy\source\repos\project_final_CG\Source.cpp(4013,58): warning C4305: 'argument': truncation from 'double' to 'float'
C:\Users\Waseem Al-mahainy\source\repos\project_final_CG\Source.cpp(4026,10): warning C4244: '=': conversion from 'double' to 'float', possible loss of data
C:\Users\Waseem Al-mahainy\source\repos\project_final_CG\Source.cpp(4027,10): warning C4244: '=': conversion from 'double' to 'float', possible loss of data
C:\Users\Waseem Al-mahainy\source\repos\project_final_CG\Source.cpp(4060,84): warning C4305: 'argument': truncation from 'double' to 'float'
C:\Users\Waseem Al-mahainy\source\repos\project_final_CG\Source.cpp(4064,64): warning C4305: 'argument': truncation from 'double' to 'float'
C:\Users\Waseem Al-mahainy\source\repos\project_final_CG\Source.cpp(4069,108): warning C4305: 'argument': truncation from 'double' to 'float'
C:\Users\Waseem Al-mahainy\source\repos\project_final_CG\Source.cpp(4072,26): warning C4305: 'argument': truncation from 'double' to 'GLfloat'
C:\Users\Waseem Al-mahainy\source\repos\project_final_CG\Source.cpp(4074,172): warning C4305: 'argument': truncation from 'double' to 'float'
C:\Users\Waseem Al-mahainy\source\repos\project_final_CG\Source.cpp(4079,63): warning C4305: 'argument': truncation from 'double' to 'float'
C:\Users\Waseem Al-mahainy\source\repos\project_final_CG\Source.cpp(4082,25): warning C4305: 'argument': truncation from 'double' to 'GLfloat'
C:\Users\Waseem Al-mahainy\source\repos\project_final_CG\Source.cpp(4084,63): warning C4305: 'argument': truncation from 'double' to 'float'
C:\Users\Waseem Al-mahainy\source\repos\project_final_CG\Source.cpp(4097,28): warning C4305: 'argument': truncation from 'double' to 'GLfloat'
C:\Users\Waseem Al-mahainy\source\repos\project_final_CG\Source.cpp(4106,25): warning C4305: 'argument': truncation from 'double' to 'GLfloat'
C:\Users\Waseem Al-mahainy\source\repos\project_final_CG\Source.cpp(4114,25): warning C4305: 'argument': truncation from 'double' to 'GLfloat'
C:\Users\Waseem Al-mahainy\source\repos\project_final_CG\Source.cpp(4115,20): warning C4305: 'argument': truncation from 'double' to 'GLfloat'
C:\Users\Waseem Al-mahainy\source\repos\project_final_CG\Source.cpp(4131,28): warning C4305: 'argument': truncation from 'double' to 'GLfloat'
C:\Users\Waseem Al-mahainy\source\repos\project_final_CG\Source.cpp(4140,25): warning C4305: 'argument': truncation from 'double' to 'GLfloat'
C:\Users\Waseem Al-mahainy\source\repos\project_final_CG\Source.cpp(4148,25): warning C4305: 'argument': truncation from 'double' to 'GLfloat'
C:\Users\Waseem Al-mahainy\source\repos\project_final_CG\Source.cpp(4149,20): warning C4305: 'argument': truncation from 'double' to 'GLfloat'
C:\Users\Waseem Al-mahainy\source\repos\project_final_CG\Source.cpp(4166,28): warning C4305: 'argument': truncation from 'double' to 'GLfloat'
C:\Users\Waseem Al-mahainy\source\repos\project_final_CG\Source.cpp(4175,25): warning C4305: 'argument': truncation from 'double' to 'GLfloat'
C:\Users\Waseem Al-mahainy\source\repos\project_final_CG\Source.cpp(4183,25): warning C4305: 'argument': truncation from 'double' to 'GLfloat'
C:\Users\Waseem Al-mahainy\source\repos\project_final_CG\Source.cpp(4184,20): warning C4305: 'argument': truncation from 'double' to 'GLfloat'
C:\Users\Waseem Al-mahainy\source\repos\project_final_CG\Source.cpp(4200,28): warning C4305: 'argument': truncation from 'double' to 'GLfloat'
C:\Users\Waseem Al-mahainy\source\repos\project_final_CG\Source.cpp(4209,25): warning C4305: 'argument': truncation from 'double' to 'GLfloat'
C:\Users\Waseem Al-mahainy\source\repos\project_final_CG\Source.cpp(4217,25): warning C4305: 'argument': truncation from 'double' to 'GLfloat'
C:\Users\Waseem Al-mahainy\source\repos\project_final_CG\Source.cpp(4218,20): warning C4305: 'argument': truncation from 'double' to 'GLfloat'
C:\Users\Waseem Al-mahainy\source\repos\project_final_CG\Source.cpp(4234,28): warning C4305: 'argument': truncation from 'double' to 'GLfloat'
C:\Users\Waseem Al-mahainy\source\repos\project_final_CG\Source.cpp(4243,25): warning C4305: 'argument': truncation from 'double' to 'GLfloat'
C:\Users\Waseem Al-mahainy\source\repos\project_final_CG\Source.cpp(4251,25): warning C4305: 'argument': truncation from 'double' to 'GLfloat'
C:\Users\Waseem Al-mahainy\source\repos\project_final_CG\Source.cpp(4252,20): warning C4305: 'argument': truncation from 'double' to 'GLfloat'
C:\Users\Waseem Al-mahainy\source\repos\project_final_CG\Source.cpp(4268,28): warning C4305: 'argument': truncation from 'double' to 'GLfloat'
C:\Users\Waseem Al-mahainy\source\repos\project_final_CG\Source.cpp(4277,25): warning C4305: 'argument': truncation from 'double' to 'GLfloat'
C:\Users\Waseem Al-mahainy\source\repos\project_final_CG\Source.cpp(4285,25): warning C4305: 'argument': truncation from 'double' to 'GLfloat'
C:\Users\Waseem Al-mahainy\source\repos\project_final_CG\Source.cpp(4286,20): warning C4305: 'argument': truncation from 'double' to 'GLfloat'
C:\Users\Waseem Al-mahainy\source\repos\project_final_CG\Source.cpp(4334,25): warning C4305: 'argument': truncation from 'double' to 'GLfloat'
C:\Users\Waseem Al-mahainy\source\repos\project_final_CG\Source.cpp(4349,27): warning C4305: 'argument': truncation from 'double' to 'GLfloat'
C:\Users\Waseem Al-mahainy\source\repos\project_final_CG\Source.cpp(4356,28): warning C4305: 'argument': truncation from 'double' to 'GLfloat'
C:\Users\Waseem Al-mahainy\source\repos\project_final_CG\Source.cpp(4358,20): warning C4305: 'argument': truncation from 'double' to 'GLfloat'
C:\Users\Waseem Al-mahainy\source\repos\project_final_CG\Source.cpp(4359,100): warning C4305: 'argument': truncation from 'double' to 'float'
C:\Users\Waseem Al-mahainy\source\repos\project_final_CG\Source.cpp(4367,30): warning C4305: 'argument': truncation from 'double' to 'GLfloat'
C:\Users\Waseem Al-mahainy\source\repos\project_final_CG\Source.cpp(4375,27): warning C4305: 'argument': truncation from 'double' to 'GLfloat'
C:\Users\Waseem Al-mahainy\source\repos\project_final_CG\Source.cpp(4385,30): warning C4305: 'argument': truncation from 'double' to 'GLfloat'
C:\Users\Waseem Al-mahainy\source\repos\project_final_CG\Source.cpp(4393,27): warning C4305: 'argument': truncation from 'double' to 'GLfloat'
C:\Users\Waseem Al-mahainy\source\repos\project_final_CG\Source.cpp(4403,30): warning C4305: 'argument': truncation from 'double' to 'GLfloat'
C:\Users\Waseem Al-mahainy\source\repos\project_final_CG\Source.cpp(4411,27): warning C4305: 'argument': truncation from 'double' to 'GLfloat'
C:\Users\Waseem Al-mahainy\source\repos\project_final_CG\Source.cpp(4421,26): warning C4305: 'argument': truncation from 'double' to 'GLfloat'
C:\Users\Waseem Al-mahainy\source\repos\project_final_CG\Source.cpp(4423,80): warning C4305: 'argument': truncation from 'double' to 'float'
C:\Users\Waseem Al-mahainy\source\repos\project_final_CG\Source.cpp(4428,104): warning C4305: 'argument': truncation from 'double' to 'float'
C:\Users\Waseem Al-mahainy\source\repos\project_final_CG\Source.cpp(4431,26): warning C4305: 'argument': truncation from 'double' to 'GLfloat'
C:\Users\Waseem Al-mahainy\source\repos\project_final_CG\Source.cpp(4433,109): warning C4305: 'argument': truncation from 'double' to 'float'
C:\Users\Waseem Al-mahainy\source\repos\project_final_CG\Source.cpp(4438,63): warning C4305: 'argument': truncation from 'double' to 'float'
C:\Users\Waseem Al-mahainy\source\repos\project_final_CG\Source.cpp(4441,25): warning C4305: 'argument': truncation from 'double' to 'GLfloat'
C:\Users\Waseem Al-mahainy\source\repos\project_final_CG\Source.cpp(4443,63): warning C4305: 'argument': truncation from 'double' to 'float'
C:\Users\Waseem Al-mahainy\source\repos\project_final_CG\Source.cpp(4447,63): warning C4305: 'argument': truncation from 'double' to 'float'
C:\Users\Waseem Al-mahainy\source\repos\project_final_CG\Source.cpp(4450,80): warning C4305: 'argument': truncation from 'double' to 'float'
C:\Users\Waseem Al-mahainy\source\repos\project_final_CG\Source.cpp(4483,26): warning C4305: 'argument': truncation from 'double' to 'GLfloat'
C:\Users\Waseem Al-mahainy\source\repos\project_final_CG\Source.cpp(4485,93): warning C4305: 'argument': truncation from 'double' to 'float'
C:\Users\Waseem Al-mahainy\source\repos\project_final_CG\Source.cpp(4490,112): warning C4305: 'argument': truncation from 'double' to 'float'
C:\Users\Waseem Al-mahainy\source\repos\project_final_CG\Source.cpp(4493,26): warning C4305: 'argument': truncation from 'double' to 'GLfloat'
C:\Users\Waseem Al-mahainy\source\repos\project_final_CG\Source.cpp(4495,118): warning C4305: 'argument': truncation from 'double' to 'float'
C:\Users\Waseem Al-mahainy\source\repos\project_final_CG\Source.cpp(4500,118): warning C4305: 'argument': truncation from 'double' to 'float'
C:\Users\Waseem Al-mahainy\source\repos\project_final_CG\Source.cpp(4503,25): warning C4305: 'argument': truncation from 'double' to 'GLfloat'
C:\Users\Waseem Al-mahainy\source\repos\project_final_CG\Source.cpp(4505,54): warning C4305: 'argument': truncation from 'double' to 'float'
C:\Users\Waseem Al-mahainy\source\repos\project_final_CG\Source.cpp(4509,54): warning C4305: 'argument': truncation from 'double' to 'float'
C:\Users\Waseem Al-mahainy\source\repos\project_final_CG\Source.cpp(4513,24): warning C4305: 'argument': truncation from 'double' to 'GLfloat'
C:\Users\Waseem Al-mahainy\source\repos\project_final_CG\Source.cpp(4523,31): warning C4305: 'argument': truncation from 'double' to 'GLfloat'
C:\Users\Waseem Al-mahainy\source\repos\project_final_CG\Source.cpp(4524,47): warning C4305: 'argument': truncation from 'double' to 'float'
C:\Users\Waseem Al-mahainy\source\repos\project_final_CG\Source.cpp(4527,32): warning C4305: 'argument': truncation from 'double' to 'GLfloat'
C:\Users\Waseem Al-mahainy\source\repos\project_final_CG\Source.cpp(4528,97): warning C4305: 'argument': truncation from 'double' to 'float'
C:\Users\Waseem Al-mahainy\source\repos\project_final_CG\Source.cpp(4531,31): warning C4305: 'argument': truncation from 'double' to 'GLfloat'
C:\Users\Waseem Al-mahainy\source\repos\project_final_CG\Source.cpp(4534,61): warning C4305: 'argument': truncation from 'double' to 'float'
C:\Users\Waseem Al-mahainy\source\repos\project_final_CG\Source.cpp(4537,31): warning C4305: 'argument': truncation from 'double' to 'GLfloat'
C:\Users\Waseem Al-mahainy\source\repos\project_final_CG\Source.cpp(4540,62): warning C4305: 'argument': truncation from 'double' to 'float'
C:\Users\Waseem Al-mahainy\source\repos\project_final_CG\Source.cpp(4548,29): warning C4305: 'argument': truncation from 'double' to 'GLfloat'
C:\Users\Waseem Al-mahainy\source\repos\project_final_CG\Source.cpp(4549,56): warning C4305: 'argument': truncation from 'double' to 'float'
C:\Users\Waseem Al-mahainy\source\repos\project_final_CG\Source.cpp(4552,30): warning C4305: 'argument': truncation from 'double' to 'GLfloat'
C:\Users\Waseem Al-mahainy\source\repos\project_final_CG\Source.cpp(4553,47): warning C4305: 'argument': truncation from 'double' to 'float'
C:\Users\Waseem Al-mahainy\source\repos\project_final_CG\Source.cpp(4556,30): warning C4305: 'argument': truncation from 'double' to 'GLfloat'
C:\Users\Waseem Al-mahainy\source\repos\project_final_CG\Source.cpp(4558,47): warning C4305: 'argument': truncation from 'double' to 'float'
C:\Users\Waseem Al-mahainy\source\repos\project_final_CG\Source.cpp(4561,31): warning C4305: 'argument': truncation from 'double' to 'GLfloat'
C:\Users\Waseem Al-mahainy\source\repos\project_final_CG\Source.cpp(4564,46): warning C4305: 'argument': truncation from 'double' to 'float'
C:\Users\Waseem Al-mahainy\source\repos\project_final_CG\Source.cpp(4567,30): warning C4305: 'argument': truncation from 'double' to 'GLfloat'
C:\Users\Waseem Al-mahainy\source\repos\project_final_CG\Source.cpp(4576,80): warning C4305: 'argument': truncation from 'double' to 'float'
C:\Users\Waseem Al-mahainy\source\repos\project_final_CG\Source.cpp(4636,30): warning C4305: 'argument': truncation from 'double' to 'GLfloat'
C:\Users\Waseem Al-mahainy\source\repos\project_final_CG\Source.cpp(4637,97): warning C4305: 'argument': truncation from 'double' to 'float'
C:\Users\Waseem Al-mahainy\source\repos\project_final_CG\Source.cpp(4640,31): warning C4305: 'argument': truncation from 'double' to 'GLfloat'
C:\Users\Waseem Al-mahainy\source\repos\project_final_CG\Source.cpp(4641,62): warning C4305: 'argument': truncation from 'double' to 'float'
C:\Users\Waseem Al-mahainy\source\repos\project_final_CG\Source.cpp(4644,31): warning C4305: 'argument': truncation from 'double' to 'GLfloat'
C:\Users\Waseem Al-mahainy\source\repos\project_final_CG\Source.cpp(4647,62): warning C4305: 'argument': truncation from 'double' to 'float'
C:\Users\Waseem Al-mahainy\source\repos\project_final_CG\Source.cpp(4650,30): warning C4305: 'argument': truncation from 'double' to 'GLfloat'
C:\Users\Waseem Al-mahainy\source\repos\project_final_CG\Source.cpp(4653,62): warning C4305: 'argument': truncation from 'double' to 'float'
C:\Users\Waseem Al-mahainy\source\repos\project_final_CG\Source.cpp(4656,31): warning C4305: 'argument': truncation from 'double' to 'GLfloat'
C:\Users\Waseem Al-mahainy\source\repos\project_final_CG\Source.cpp(4658,127): warning C4305: 'argument': truncation from 'double' to 'float'
C:\Users\Waseem Al-mahainy\source\repos\project_final_CG\Source.cpp(4663,121): warning C4305: 'argument': truncation from 'double' to 'float'
C:\Users\Waseem Al-mahainy\source\repos\project_final_CG\Source.cpp(4669,28): warning C4305: 'argument': truncation from 'double' to 'GLfloat'
C:\Users\Waseem Al-mahainy\source\repos\project_final_CG\Source.cpp(4692,30): warning C4305: 'argument': truncation from 'double' to 'GLfloat'
C:\Users\Waseem Al-mahainy\source\repos\project_final_CG\Source.cpp(4693,98): warning C4305: 'argument': truncation from 'double' to 'float'
C:\Users\Waseem Al-mahainy\source\repos\project_final_CG\Source.cpp(4696,31): warning C4305: 'argument': truncation from 'double' to 'GLfloat'
C:\Users\Waseem Al-mahainy\source\repos\project_final_CG\Source.cpp(4697,64): warning C4305: 'argument': truncation from 'double' to 'float'
C:\Users\Waseem Al-mahainy\source\repos\project_final_CG\Source.cpp(4700,31): warning C4305: 'argument': truncation from 'double' to 'GLfloat'
C:\Users\Waseem Al-mahainy\source\repos\project_final_CG\Source.cpp(4703,64): warning C4305: 'argument': truncation from 'double' to 'float'
C:\Users\Waseem Al-mahainy\source\repos\project_final_CG\Source.cpp(4706,31): warning C4305: 'argument': truncation from 'double' to 'GLfloat'
C:\Users\Waseem Al-mahainy\source\repos\project_final_CG\Source.cpp(4709,64): warning C4305: 'argument': truncation from 'double' to 'float'
C:\Users\Waseem Al-mahainy\source\repos\project_final_CG\Source.cpp(4712,31): warning C4305: 'argument': truncation from 'double' to 'GLfloat'
C:\Users\Waseem Al-mahainy\source\repos\project_final_CG\Source.cpp(4714,128): warning C4305: 'argument': truncation from 'double' to 'float'
C:\Users\Waseem Al-mahainy\source\repos\project_final_CG\Source.cpp(4717,31): warning C4305: 'argument': truncation from 'double' to 'GLfloat'
C:\Users\Waseem Al-mahainy\source\repos\project_final_CG\Source.cpp(4719,122): warning C4305: 'argument': truncation from 'double' to 'float'
C:\Users\Waseem Al-mahainy\source\repos\project_final_CG\Source.cpp(4723,28): warning C4305: 'argument': truncation from 'double' to 'GLfloat'
C:\Users\Waseem Al-mahainy\source\repos\project_final_CG\Source.cpp(4736,30): warning C4305: 'argument': truncation from 'double' to 'GLfloat'
C:\Users\Waseem Al-mahainy\source\repos\project_final_CG\Source.cpp(4738,77): warning C4305: 'argument': truncation from 'double' to 'float'
C:\Users\Waseem Al-mahainy\source\repos\project_final_CG\Source.cpp(4741,31): warning C4305: 'argument': truncation from 'double' to 'GLfloat'
C:\Users\Waseem Al-mahainy\source\repos\project_final_CG\Source.cpp(4742,60): warning C4305: 'argument': truncation from 'double' to 'float'
C:\Users\Waseem Al-mahainy\source\repos\project_final_CG\Source.cpp(4745,32): warning C4305: 'argument': truncation from 'double' to 'GLfloat'
C:\Users\Waseem Al-mahainy\source\repos\project_final_CG\Source.cpp(4747,60): warning C4305: 'argument': truncation from 'double' to 'float'
C:\Users\Waseem Al-mahainy\source\repos\project_final_CG\Source.cpp(4750,31): warning C4305: 'argument': truncation from 'double' to 'GLfloat'
C:\Users\Waseem Al-mahainy\source\repos\project_final_CG\Source.cpp(4753,60): warning C4305: 'argument': truncation from 'double' to 'float'
C:\Users\Waseem Al-mahainy\source\repos\project_final_CG\Source.cpp(4756,31): warning C4305: 'argument': truncation from 'double' to 'GLfloat'
C:\Users\Waseem Al-mahainy\source\repos\project_final_CG\Source.cpp(4759,60): warning C4305: 'argument': truncation from 'double' to 'float'
C:\Users\Waseem Al-mahainy\source\repos\project_final_CG\Source.cpp(4762,31): warning C4305: 'argument': truncation from 'double' to 'GLfloat'
C:\Users\Waseem Al-mahainy\source\repos\project_final_CG\Source.cpp(4764,93): warning C4305: 'argument': truncation from 'double' to 'float'
C:\Users\Waseem Al-mahainy\source\repos\project_final_CG\Source.cpp(4769,27): warning C4305: 'argument': truncation from 'double' to 'GLfloat'
C:\Users\Waseem Al-mahainy\source\repos\project_final_CG\Source.cpp(4813,58): warning C4305: 'argument': truncation from 'double' to 'float'
C:\Users\Waseem Al-mahainy\source\repos\project_final_CG\Source.cpp(4845,80): warning C4305: 'argument': truncation from 'double' to 'float'
C:\Users\Waseem Al-mahainy\source\repos\project_final_CG\Source.cpp(4850,29): warning C4305: 'argument': truncation from 'double' to 'GLfloat'
C:\Users\Waseem Al-mahainy\source\repos\project_final_CG\Source.cpp(4851,56): warning C4305: 'argument': truncation from 'double' to 'float'
C:\Users\Waseem Al-mahainy\source\repos\project_final_CG\Source.cpp(4857,51): warning C4305: 'argument': truncation from 'double' to 'float'
C:\Users\Waseem Al-mahainy\source\repos\project_final_CG\Source.cpp(4864,51): warning C4305: 'argument': truncation from 'double' to 'float'
C:\Users\Waseem Al-mahainy\source\repos\project_final_CG\Source.cpp(4871,52): warning C4305: 'argument': truncation from 'double' to 'float'
C:\Users\Waseem Al-mahainy\source\repos\project_final_CG\Source.cpp(4881,79): warning C4305: 'argument': truncation from 'double' to 'float'
C:\Users\Waseem Al-mahainy\source\repos\project_final_CG\Source.cpp(4887,73): warning C4305: 'argument': truncation from 'double' to 'float'
C:\Users\Waseem Al-mahainy\source\repos\project_final_CG\Source.cpp(4893,73): warning C4305: 'argument': truncation from 'double' to 'float'
C:\Users\Waseem Al-mahainy\source\repos\project_final_CG\Source.cpp(4898,73): warning C4305: 'argument': truncation from 'double' to 'float'
C:\Users\Waseem Al-mahainy\source\repos\project_final_CG\Source.cpp(4904,73): warning C4305: 'argument': truncation from 'double' to 'float'
C:\Users\Waseem Al-mahainy\source\repos\project_final_CG\Source.cpp(4910,73): warning C4305: 'argument': truncation from 'double' to 'float'
C:\Users\Waseem Al-mahainy\source\repos\project_final_CG\Source.cpp(4916,73): warning C4305: 'argument': truncation from 'double' to 'float'
C:\Users\Waseem Al-mahainy\source\repos\project_final_CG\Source.cpp(4922,73): warning C4305: 'argument': truncation from 'double' to 'float'
C:\Users\Waseem Al-mahainy\source\repos\project_final_CG\Source.cpp(4927,73): warning C4305: 'argument': truncation from 'double' to 'float'
C:\Users\Waseem Al-mahainy\source\repos\project_final_CG\Source.cpp(4933,73): warning C4305: 'argument': truncation from 'double' to 'float'
C:\Users\Waseem Al-mahainy\source\repos\project_final_CG\Source.cpp(4939,73): warning C4305: 'argument': truncation from 'double' to 'float'
C:\Users\Waseem Al-mahainy\source\repos\project_final_CG\Source.cpp(4945,73): warning C4305: 'argument': truncation from 'double' to 'float'
C:\Users\Waseem Al-mahainy\source\repos\project_final_CG\Source.cpp(4954,25): warning C4305: 'argument': truncation from 'double' to 'GLfloat'
C:\Users\Waseem Al-mahainy\source\repos\project_final_CG\Source.cpp(4961,25): warning C4305: 'argument': truncation from 'double' to 'GLfloat'
C:\Users\Waseem Al-mahainy\source\repos\project_final_CG\Source.cpp(4970,25): warning C4305: 'argument': truncation from 'double' to 'GLfloat'
C:\Users\Waseem Al-mahainy\source\repos\project_final_CG\Source.cpp(4979,25): warning C4305: 'argument': truncation from 'double' to 'GLfloat'
C:\Users\Waseem Al-mahainy\source\repos\project_final_CG\Source.cpp(5194,70): warning C4305: 'argument': truncation from 'double' to 'float'
C:\Users\Waseem Al-mahainy\source\repos\project_final_CG\Source.cpp(5249,68): warning C4305: 'argument': truncation from 'double' to 'float'
C:\Users\Waseem Al-mahainy\source\repos\project_final_CG\Source.cpp(5258,15): warning C4305: '+=': truncation from 'double' to 'float'
  project_final_CG.vcxproj -> C:\Users\Waseem Al-mahainy\source\repos\project_final_CG\x64\Debug\project_final_CG.exe
